<?xml version="1.0" encoding="UTF-8"?>
<!-- Generated by org.testng.reporters.JUnitXMLReporter -->
<testsuite ignored="1" hostname="DESKTOP-D0846S4" failures="0" tests="1" name="Error Validations Test" time="4.695" errors="0" timestamp="22 Oct 2024 15:15:54 GMT">
  <testcase classname="rahulshettyacademy.tests.ErrorValidationsTest" name="loginErrorValidation" time="0.654"/>
  <testcase classname="rahulshettyacademy.tests.ErrorValidationsTest" name="productErrorValidation" time="0.0">
    <ignored/>
  </testcase> <!-- productErrorValidation -->
</testsuite> <!-- Error Validations Test -->
