<?xml version="1.0" encoding="UTF-8"?>
<testng-results ignored="3" total="4" passed="1" failed="0" skipped="0">
  <reporter-output>
  </reporter-output>
  <suite started-at="2024-10-22T15:15:49Z" name="Suite" finished-at="2024-10-22T15:15:54Z" duration-ms="4700">
    <groups>
      <group name="ErrorHandling">
        <method signature="ErrorValidationsTest.loginErrorValidation()[pri:0, instance:rahulshettyacademy.tests.ErrorValidationsTest@38aa816f]" name="loginErrorValidation" class="rahulshettyacademy.tests.ErrorValidationsTest"/>
      </group> <!-- ErrorHandling -->
    </groups>
    <test started-at="2024-10-22T15:15:49Z" name="Submit Order Test" finished-at="2024-10-22T15:15:49Z" duration-ms="9">
    </test> <!-- Submit Order Test -->
    <test started-at="2024-10-22T15:15:49Z" name="Error Validations Test" finished-at="2024-10-22T15:15:54Z" duration-ms="4695">
      <class name="rahulshettyacademy.tests.ErrorValidationsTest">
        <test-method is-config="true" signature="launchApplication()[pri:0, instance:rahulshettyacademy.tests.ErrorValidationsTest@38aa816f]" started-at="2024-10-22T15:15:49Z" name="launchApplication" finished-at="2024-10-22T15:15:53Z" duration-ms="3787" status="PASS">
          <reporter-output>
          </reporter-output>
        </test-method> <!-- launchApplication -->
        <test-method signature="loginErrorValidation()[pri:0, instance:rahulshettyacademy.tests.ErrorValidationsTest@38aa816f]" started-at="2024-10-22T15:15:53Z" name="loginErrorValidation" finished-at="2024-10-22T15:15:54Z" duration-ms="654" status="PASS">
          <reporter-output>
          </reporter-output>
        </test-method> <!-- loginErrorValidation -->
        <test-method is-config="true" signature="tearDown()[pri:0, instance:rahulshettyacademy.tests.ErrorValidationsTest@38aa816f]" started-at="2024-10-22T15:15:54Z" name="tearDown" finished-at="2024-10-22T15:15:54Z" duration-ms="219" status="PASS">
          <reporter-output>
          </reporter-output>
        </test-method> <!-- tearDown -->
      </class> <!-- rahulshettyacademy.tests.ErrorValidationsTest -->
    </test> <!-- Error Validations Test -->
  </suite> <!-- Suite -->
</testng-results>
